<?xml version="1.0" encoding="UTF-8"?>
<!-- Generated by org.testng.reporters.JUnitXMLReporter -->
<testsuite ignored="0" hostname="DESKTOP-JAE3UEM" failures="1" tests="2" name="Test" time="144.177" errors="0" timestamp="2022-09-05T23:55:16 PDT">
  <testcase classname="TestCases.VerifyLoginTestCase" name="login" time="5.4"/>
  <testcase classname="TestCases.VerifySignupTestCase" name="Signup" time="76.556">
    <failure type="java.lang.AssertionError" message="The following asserts failed:
	expected [Free CRM Trial: Salesforce 30-Day  - Salesforce IN] but found [Free CRM Trial: Salesforce 30-Day Trial - Salesforce IN]">
      <![CDATA[java.lang.AssertionError: The following asserts failed:
expected [Free CRM Trial: Salesforce 30-Day  - Salesforce IN] but found [Free CRM Trial: Salesforce 30-Day Trial - Salesforce IN]
at Resources.commonUtilities.handleAssertions(commonUtilities.java:22)
at TestCases.VerifySignupTestCase.Signup(VerifySignupTestCase.java:32)
at java.base/java.util.ArrayList.forEach(ArrayList.java:1541)
... Removed 29 stack frames]]>
    </failure>
  </testcase> <!-- Signup -->
</testsuite> <!-- Test -->
