<?xml version="1.0" encoding="UTF-8"?>
<testng-results ignored="0" total="2" passed="2" failed="0" skipped="0">
  <reporter-output>
  </reporter-output>
  <suite started-at="2022-09-08T18:45:12 PDT" name="Suite" finished-at="2022-09-08T18:47:00 PDT" duration-ms="107565">
    <groups>
    </groups>
    <test started-at="2022-09-08T18:45:12 PDT" name="Test" finished-at="2022-09-08T18:47:00 PDT" duration-ms="107565">
      <class name="TestCases.VerifyLoginTestCase">
        <test-method is-config="true" signature="launchBrowser()[pri:0, instance:TestCases.VerifyLoginTestCase@4b0d79fc]" started-at="2022-09-08T18:45:12 PDT" name="launchBrowser" finished-at="2022-09-08T18:45:29 PDT" duration-ms="16703" status="PASS">
          <reporter-output>
          </reporter-output>
        </test-method> <!-- launchBrowser -->
        <test-method signature="login()[pri:0, instance:TestCases.VerifyLoginTestCase@4b0d79fc]" started-at="2022-09-08T18:45:29 PDT" name="login" finished-at="2022-09-08T18:45:31 PDT" duration-ms="1873" status="PASS">
          <reporter-output>
          </reporter-output>
        </test-method> <!-- login -->
        <test-method is-config="true" signature="teardown()[pri:0, instance:TestCases.VerifyLoginTestCase@4b0d79fc]" started-at="2022-09-08T18:45:31 PDT" name="teardown" finished-at="2022-09-08T18:45:32 PDT" duration-ms="1312" status="PASS">
          <reporter-output>
          </reporter-output>
        </test-method> <!-- teardown -->
      </class> <!-- TestCases.VerifyLoginTestCase -->
      <class name="TestCases.VerifySignupTestCase">
        <test-method is-config="true" signature="launchBrowser()[pri:0, instance:TestCases.VerifySignupTestCase@2e385cce]" started-at="2022-09-08T18:45:32 PDT" name="launchBrowser" finished-at="2022-09-08T18:45:51 PDT" duration-ms="18344" status="PASS">
          <reporter-output>
          </reporter-output>
        </test-method> <!-- launchBrowser -->
        <test-method signature="Signup()[pri:0, instance:TestCases.VerifySignupTestCase@2e385cce]" started-at="2022-09-08T18:45:51 PDT" name="Signup" finished-at="2022-09-08T18:46:50 PDT" duration-ms="59599" status="PASS">
          <reporter-output>
          </reporter-output>
        </test-method> <!-- Signup -->
        <test-method is-config="true" signature="teardown()[pri:0, instance:TestCases.VerifySignupTestCase@2e385cce]" started-at="2022-09-08T18:46:50 PDT" name="teardown" finished-at="2022-09-08T18:47:00 PDT" duration-ms="9548" status="PASS">
          <reporter-output>
          </reporter-output>
        </test-method> <!-- teardown -->
      </class> <!-- TestCases.VerifySignupTestCase -->
    </test> <!-- Test -->
  </suite> <!-- Suite -->
</testng-results>
