<?xml version="1.0" encoding="UTF-8"?>
<testng-results ignored="0" total="1" passed="1" failed="0" skipped="0">
  <reporter-output>
  </reporter-output>
  <suite started-at="2022-09-08T18:41:31 PDT" name="Default suite" finished-at="2022-09-08T18:42:38 PDT" duration-ms="66258">
    <groups>
    </groups>
    <test started-at="2022-09-08T18:41:31 PDT" name="Default test" finished-at="2022-09-08T18:42:38 PDT" duration-ms="66258">
      <class name="TestCases.VerifySignupTestCase">
        <test-method is-config="true" signature="launchBrowser()[pri:0, instance:TestCases.VerifySignupTestCase@383bfa16]" started-at="2022-09-08T18:41:32 PDT" name="launchBrowser" finished-at="2022-09-08T18:41:48 PDT" duration-ms="16209" status="PASS">
          <reporter-output>
          </reporter-output>
        </test-method> <!-- launchBrowser -->
        <test-method signature="Signup()[pri:0, instance:TestCases.VerifySignupTestCase@383bfa16]" started-at="2022-09-08T18:41:48 PDT" name="Signup" finished-at="2022-09-08T18:42:35 PDT" duration-ms="47362" status="PASS">
          <reporter-output>
          </reporter-output>
        </test-method> <!-- Signup -->
        <test-method is-config="true" signature="teardown()[pri:0, instance:TestCases.VerifySignupTestCase@383bfa16]" started-at="2022-09-08T18:42:35 PDT" name="teardown" finished-at="2022-09-08T18:42:38 PDT" duration-ms="2509" status="PASS">
          <reporter-output>
          </reporter-output>
        </test-method> <!-- teardown -->
      </class> <!-- TestCases.VerifySignupTestCase -->
    </test> <!-- Default test -->
  </suite> <!-- Default suite -->
</testng-results>
